# JRE version: Java(TM) SE Runtime Environment (8.0_191-b12) (build 1.8.0_191-b12)
# Java VM: Java HotSpot(TM) 64-Bit Server VM (25.191-b12 mixed mode windows-amd64 compressed oops)
Heap:
 PSYoungGen      total 325632K, used 90346K [0x0000000716380000, 0x000000072bd00000, 0x00000007c0000000)
  eden space 305664K, 26% used [0x0000000716380000,0x000000071b2b8bd0,0x0000000728e00000)
  from space 19968K, 46% used [0x000000072a980000,0x000000072b281e00,0x000000072bd00000)
  to   space 24064K, 0% used [0x0000000728e00000,0x0000000728e00000,0x000000072a580000)
 ParOldGen       total 562688K, used 31676K [0x00000005c2a00000, 0x00000005e4f80000, 0x0000000716380000)
  object space 562688K, 5% used [0x00000005c2a00000,0x00000005c48ef2d0,0x00000005e4f80000)
 Metaspace       used 62128K, capacity 64853K, committed 64916K, reserved 1105920K
  class space    used 7143K, capacity 7798K, committed 7828K, reserved 1048576K
GC Heap History (10 events):
Event: 3.471 GC heap before
{Heap before GC invocations=9 (full 2):
 PSYoungGen      total 237056K, used 215552K [0x0000000716380000, 0x0000000726e80000, 0x00000007c0000000)
  eden space 215552K, 100% used [0x0000000716380000,0x0000000723600000,0x0000000723600000)
  from space 21504K, 0% used [0x0000000724b80000,0x0000000724b80000,0x0000000726080000)
  to   space 22016K, 0% used [0x0000000723600000,0x0000000723600000,0x0000000724b80000)
 ParOldGen       total 388608K, used 21127K [0x00000005c2a00000, 0x00000005da580000, 0x0000000716380000)
  object space 388608K, 5% used [0x00000005c2a00000,0x00000005c3ea1cd8,0x00000005da580000)
 Metaspace       used 53414K, capacity 55856K, committed 56024K, reserved 1097728K
  class space    used 6270K, capacity 6867K, committed 6872K, reserved 1048576K
Event: 3.487 GC heap after
Heap after GC invocations=9 (full 2):
 PSYoungGen      total 237568K, used 21992K [0x0000000716380000, 0x000000072a380000, 0x00000007c0000000)
  eden space 215552K, 0% used [0x0000000716380000,0x0000000716380000,0x0000000723600000)
  from space 22016K, 99% used [0x0000000723600000,0x0000000724b7a2b8,0x0000000724b80000)
  to   space 27136K, 0% used [0x0000000728900000,0x0000000728900000,0x000000072a380000)
 ParOldGen       total 388608K, used 22245K [0x00000005c2a00000, 0x00000005da580000, 0x0000000716380000)
  object space 388608K, 5% used [0x00000005c2a00000,0x00000005c3fb94e0,0x00000005da580000)
 Metaspace       used 53414K, capacity 55856K, committed 56024K, reserved 1097728K
  class space    used 6270K, capacity 6867K, committed 6872K, reserved 1048576K
}
Event: 3.723 GC heap before
{Heap before GC invocations=10 (full 2):
 PSYoungGen      total 237568K, used 86174K [0x0000000716380000, 0x000000072a380000, 0x00000007c0000000)
  eden space 215552K, 29% used [0x0000000716380000,0x000000071a22d840,0x0000000723600000)
  from space 22016K, 99% used [0x0000000723600000,0x0000000724b7a2b8,0x0000000724b80000)
  to   space 27136K, 0% used [0x0000000728900000,0x0000000728900000,0x000000072a380000)
 ParOldGen       total 388608K, used 22245K [0x00000005c2a00000, 0x00000005da580000, 0x0000000716380000)
  object space 388608K, 5% used [0x00000005c2a00000,0x00000005c3fb94e0,0x00000005da580000)
 Metaspace       used 56500K, capacity 58989K, committed 59028K, reserved 1101824K
  class space    used 6672K, capacity 7288K, committed 7316K, reserved 1048576K
Event: 3.728 GC heap after
Heap after GC invocations=10 (full 2):
 PSYoungGen      total 301568K, used 13822K [0x0000000716380000, 0x000000072a580000, 0x00000007c0000000)
  eden space 274432K, 0% used [0x0000000716380000,0x0000000716380000,0x0000000726f80000)
  from space 27136K, 50% used [0x0000000728900000,0x000000072967fb68,0x000000072a380000)
  to   space 26112K, 0% used [0x0000000726f80000,0x0000000726f80000,0x0000000728900000)
 ParOldGen       total 388608K, used 22261K [0x00000005c2a00000, 0x00000005da580000, 0x0000000716380000)
  object space 388608K, 5% used [0x00000005c2a00000,0x00000005c3fbd4e0,0x00000005da580000)
 Metaspace       used 56500K, capacity 58989K, committed 59028K, reserved 1101824K
  class space    used 6672K, capacity 7288K, committed 7316K, reserved 1048576K
}
Event: 3.728 GC heap before
{Heap before GC invocations=11 (full 3):
 PSYoungGen      total 301568K, used 13822K [0x0000000716380000, 0x000000072a580000, 0x00000007c0000000)
  eden space 274432K, 0% used [0x0000000716380000,0x0000000716380000,0x0000000726f80000)
  from space 27136K, 50% used [0x0000000728900000,0x000000072967fb68,0x000000072a380000)
  to   space 26112K, 0% used [0x0000000726f80000,0x0000000726f80000,0x0000000728900000)
 ParOldGen       total 388608K, used 22261K [0x00000005c2a00000, 0x00000005da580000, 0x0000000716380000)
  object space 388608K, 5% used [0x00000005c2a00000,0x00000005c3fbd4e0,0x00000005da580000)
 Metaspace       used 56500K, capacity 58989K, committed 59028K, reserved 1101824K
  class space    used 6672K, capacity 7288K, committed 7316K, reserved 1048576K
Event: 3.834 GC heap after
Heap after GC invocations=11 (full 3):
 PSYoungGen      total 301568K, used 0K [0x0000000716380000, 0x000000072a580000, 0x00000007c0000000)
  eden space 274432K, 0% used [0x0000000716380000,0x0000000716380000,0x0000000726f80000)
  from space 27136K, 0% used [0x0000000728900000,0x0000000728900000,0x000000072a380000)
  to   space 26112K, 0% used [0x0000000726f80000,0x0000000726f80000,0x0000000728900000)
 ParOldGen       total 562688K, used 31660K [0x00000005c2a00000, 0x00000005e4f80000, 0x0000000716380000)
  object space 562688K, 5% used [0x00000005c2a00000,0x00000005c48eb2d0,0x00000005e4f80000)
 Metaspace       used 56500K, capacity 58989K, committed 59028K, reserved 1101824K
  class space    used 6672K, capacity 7288K, committed 7316K, reserved 1048576K
}
Event: 64.872 GC heap before
{Heap before GC invocations=12 (full 3):
 PSYoungGen      total 301568K, used 274432K [0x0000000716380000, 0x000000072a580000, 0x00000007c0000000)
  eden space 274432K, 100% used [0x0000000716380000,0x0000000726f80000,0x0000000726f80000)
  from space 27136K, 0% used [0x0000000728900000,0x0000000728900000,0x000000072a380000)
  to   space 26112K, 0% used [0x0000000726f80000,0x0000000726f80000,0x0000000728900000)
 ParOldGen       total 562688K, used 31660K [0x00000005c2a00000, 0x00000005e4f80000, 0x0000000716380000)
  object space 562688K, 5% used [0x00000005c2a00000,0x00000005c48eb2d0,0x00000005e4f80000)
 Metaspace       used 61055K, capacity 63823K, committed 63892K, reserved 1105920K
  class space    used 7138K, capacity 7793K, committed 7828K, reserved 1048576K
Event: 64.876 GC heap after
Heap after GC invocations=12 (full 3):
 PSYoungGen      total 300544K, used 11452K [0x0000000716380000, 0x000000072c180000, 0x00000007c0000000)
  eden space 274432K, 0% used [0x0000000716380000,0x0000000716380000,0x0000000726f80000)
  from space 26112K, 43% used [0x0000000726f80000,0x0000000727aaf030,0x0000000728900000)
  to   space 24576K, 0% used [0x000000072a980000,0x000000072a980000,0x000000072c180000)
 ParOldGen       total 562688K, used 31668K [0x00000005c2a00000, 0x00000005e4f80000, 0x0000000716380000)
  object space 562688K, 5% used [0x00000005c2a00000,0x00000005c48ed2d0,0x00000005e4f80000)
 Metaspace       used 61055K, capacity 63823K, committed 63892K, reserved 1105920K
  class space    used 7138K, capacity 7793K, committed 7828K, reserved 1048576K
}
Event: 65.670 GC heap before
{Heap before GC invocations=13 (full 3):
 PSYoungGen      total 300544K, used 285884K [0x0000000716380000, 0x000000072c180000, 0x00000007c0000000)
  eden space 274432K, 100% used [0x0000000716380000,0x0000000726f80000,0x0000000726f80000)
  from space 26112K, 43% used [0x0000000726f80000,0x0000000727aaf030,0x0000000728900000)
  to   space 24576K, 0% used [0x000000072a980000,0x000000072a980000,0x000000072c180000)
 ParOldGen       total 562688K, used 31668K [0x00000005c2a00000, 0x00000005e4f80000, 0x0000000716380000)
  object space 562688K, 5% used [0x00000005c2a00000,0x00000005c48ed2d0,0x00000005e4f80000)
 Metaspace       used 61988K, capacity 64769K, committed 64916K, reserved 1105920K
  class space    used 7140K, capacity 7796K, committed 7828K, reserved 1048576K
Event: 65.675 GC heap after
Heap after GC invocations=13 (full 3):
 PSYoungGen      total 325632K, used 9223K [0x0000000716380000, 0x000000072bd00000, 0x00000007c0000000)
  eden space 305664K, 0% used [0x0000000716380000,0x0000000716380000,0x0000000728e00000)
  from space 19968K, 46% used [0x000000072a980000,0x000000072b281e00,0x000000072bd00000)
  to   space 24064K, 0% used [0x0000000728e00000,0x0000000728e00000,0x000000072a580000)
 ParOldGen       total 562688K, used 31676K [0x00000005c2a00000, 0x00000005e4f80000, 0x0000000716380000)
  object space 562688K, 5% used [0x00000005c2a00000,0x00000005c48ef2d0,0x00000005e4f80000)
 Metaspace       used 61988K, capacity 64769K, committed 64916K, reserved 1105920K
  class space    used 7140K, capacity 7796K, committed 7828K, reserved 1048576K
}

